Arguments: 
  /Users/naman/.nvm/versions/node/v13.9.0/bin/node /usr/local/Cellar/yarn/1.22.4/libexec/bin/yarn.js add graphql-js

PATH: 
  /Users/naman/.nvm/versions/node/v13.9.0/bin:/Users/naman/.yarn/bin:/Users/naman/.config/yarn/global/node_modules/.bin:/usr/local/lib/ruby/gems/2.6.0/bin:/usr/local/opt/ruby/bin:/usr/local/bin:/usr/bin:/bin:/usr/sbin:/sbin:/Library/Apple/usr/bin:/Applications/Postgres.app/Contents/Versions/latest/bin:/Users/naman/.rvm/gems/ruby-2.5.1@producthunt/bin:/Users/naman/.rvm/gems/ruby-2.5.1@global/bin:/Users/naman/.rvm/rubies/ruby-2.5.1/bin:/Users/naman/.rvm/bin:/Users/naman/.nvm/versions/node/v13.9.0/bin:/Users/naman/.yarn/bin:/Users/naman/.config/yarn/global/node_modules/.bin:/usr/local/lib/ruby/gems/2.6.0/bin:/usr/local/opt/ruby/bin:/usr/local/mysql/bin:/Users/naman/.fzf/bin:/usr/local/mysql/bin:/Users/naman/.rvm/bin

Yarn version: 
  1.22.4

Node version: 
  13.9.0

Platform: 
  darwin x64

Trace: 
  Error: https://registry.yarnpkg.com/graphql-js: Not found
      at Request.params.callback [as _callback] (/usr/local/Cellar/yarn/1.22.4/libexec/lib/cli.js:66987:18)
      at Request.self.callback (/usr/local/Cellar/yarn/1.22.4/libexec/lib/cli.js:140748:22)
      at Request.emit (events.js:321:20)
      at Request.<anonymous> (/usr/local/Cellar/yarn/1.22.4/libexec/lib/cli.js:141720:10)
      at Request.emit (events.js:321:20)
      at IncomingMessage.<anonymous> (/usr/local/Cellar/yarn/1.22.4/libexec/lib/cli.js:141642:12)
      at Object.onceWrapper (events.js:427:28)
      at IncomingMessage.emit (events.js:333:22)
      at endReadableNT (_stream_readable.js:1201:12)
      at processTicksAndRejections (internal/process/task_queues.js:84:21)

npm manifest: 
  {
    "name": "advanced-graphql-parser",
    "version": "1.0.0",
    "main": "src/index.ts",
    "repository": "git@github.com:hereisnaman/advanced-graphql-parser.git",
    "author": "Naman Kumar <naman@outlook.in>",
    "license": "MIT",
    "dependencies": {},
    "devDependencies": {
      "@types/node": "^14.0.27",
      "typescript": "^3.9.7"
    }
  }

yarn manifest: 
  No manifest

Lockfile: 
  # THIS IS AN AUTOGENERATED FILE. DO NOT EDIT THIS FILE DIRECTLY.
  # yarn lockfile v1
  
  
  "@types/node@^14.0.27":
    version "14.0.27"
    resolved "https://registry.yarnpkg.com/@types/node/-/node-14.0.27.tgz#a151873af5a5e851b51b3b065c9e63390a9e0eb1"
    integrity sha512-kVrqXhbclHNHGu9ztnAwSncIgJv/FaxmzXJvGXNdcCpV1b8u1/Mi6z6m0vwy0LzKeXFTPLH0NzwmoJ3fNCIq0g==
  
  typescript@^3.9.7:
    version "3.9.7"
    resolved "https://registry.yarnpkg.com/typescript/-/typescript-3.9.7.tgz#98d600a5ebdc38f40cb277522f12dc800e9e25fa"
    integrity sha512-BLbiRkiBzAwsjut4x/dsibSTB6yWpwT5qWmC2OfuCg3GgVQCSgMs4vEctYPhsaGtd0AeuuHMkjZ2h2WG8MSzRw==
